Drill Listing
=============
Drill: .035  Tool: 1  Feed: 197  Speed: 550
X 194829  Y 168292
X 214514  Y 168292
X 299196  Y 155620
X 424083  Y 146541
X 424083  Y 156541
X 424083  Y 136541
X 424083  Y 166541
X 424083  Y 176541
X 424083  Y 186541
X 434083  Y 166541
X 434083  Y 146541
X 434083  Y 176541
X 434083  Y 156541
X 434083  Y 186541
X 434083  Y 136541
X 434083  Y 196541
X 434083  Y 206541
X 434083  Y 216541
X 434083  Y 226541
X 434083  Y 236541
X 424083  Y 196541
X 424083  Y 216541
X 424083  Y 226541
X 424083  Y 206541
X 424083  Y 236541
X 335720  Y 225347
X 335720  Y 205662
X 299196  Y 205620
X 424083  Y 246541
X 424083  Y 256541
X 434083  Y 256541
X 434083  Y 246541
X 256323  Y 474810
X 256323  Y 484810
X 246323  Y 474810
X 246323  Y 484810
X 236323  Y 474810
X 236323  Y 484810
X 226323  Y 484810
X 226323  Y 474810
X 216323  Y 484810
X 216323  Y 474810
X 206323  Y 484810
X 206323  Y 474810
X 196323  Y 474810
X 196323  Y 484810

Drill: .037  Tool: 2  Feed: 197  Speed: 550
X 256059  Y 174013
X 262545  Y 146144
X 277987  Y 158421
X 335589  Y 155620
X 335589  Y 187116
X 525433  Y 115248
X 535433  Y 115248
X 564398  Y 115248
X 574398  Y 115248
X 316816  Y 259049
X 307355  Y 258583
X 297217  Y 258766
X 283222  Y 194668
X 268828  Y 223083
X 256752  Y 222848
X 244738  Y 222861
X 232058  Y 194495
X 225298  Y 211743
X 214488  Y 221741
X 277117  Y 290755
X 283844  Y 275947
X 285559  Y 290840
X 327848  Y 290840
X 332098  Y 275947
X 334843  Y 292409
X 334097  Y 408854
X 321514  Y 400753
X 282858  Y 378585
X 282626  Y 391465
X 266500  Y 407000
X 257800  Y 404260
X 249308  Y 381509
X 241266  Y 414633
X 240070  Y 401675
X 232768  Y 375995
X 195778  Y 403277
X 212208  Y 440186
X 231610  Y 456059
X 250097  Y 442497
X 266000  Y 433500
X 284482  Y 415213
X 286527  Y 438028
X 297678  Y 435176
X 298098  Y 419920
X 298238  Y 427339
X 180641  Y 464777

Drill: .03937  Tool: 3  Feed: 197  Speed: 550
X 193736  Y 135745
X 214540  Y 134456
X 233494  Y 135297
X 439472  Y 114703
X 459927  Y 114704
X 469927  Y 114704
X 479927  Y 114704
X 489927  Y 114704
X 250591  Y 311080
X 250591  Y 334404
X 232895  Y 364705
X 181783  Y 375028
X 181824  Y 427919
X 271805  Y 475321
X 281805  Y 475321
X 291805  Y 475321
X 297750  Y 409183
X 297750  Y 389970
X 301805  Y 475321

Drill: .11417  Tool: 4  Feed: 69  Speed: 658
X 130000  Y 130000
X 130000  Y 165000
X 130000  Y 240000
X 375000  Y 130000
X 375000  Y 470000
X 131154  Y 427919
X 131154  Y 375028
X 130000  Y 470000

End of Listing
